<?xml version="1.0" encoding="UTF-8"?>
<!-- Generated by org.testng.reporters.JUnitXMLReporter -->
<testsuite ignored="4" hostname="Admin" failures="0" tests="2" name="TestFood" time="5.42" errors="0" timestamp="2024-01-11T09:48:13 IST">
  <testcase classname="Execution.basicgroup" name="SwiggyTest" time="2.83"/>
  <testcase classname="Execution.basicgroup" name="ZomatoTest" time="2.548"/>
  <testcase classname="Execution.basicgroup" name="NykaaTest" time="0.0">
    <ignored/>
  </testcase> <!-- NykaaTest -->
  <testcase classname="Execution.basicgroup" name="jiocinemaTest" time="0.0">
    <ignored/>
  </testcase> <!-- jiocinemaTest -->
  <testcase classname="Execution.basicgroup" name="TiraTest" time="0.0">
    <ignored/>
  </testcase> <!-- TiraTest -->
  <testcase classname="Execution.basicgroup" name="MyntraTest" time="0.0">
    <ignored/>
  </testcase> <!-- MyntraTest -->
</testsuite> <!-- TestFood -->
