<?xml version="1.0" encoding="UTF-8"?>
<testng-results ignored="0" total="1" passed="1" failed="0" skipped="0">
  <reporter-output>
    <line>
      <![CDATA[Testscript execution is started]]>
    </line>
    <line>
      <![CDATA[PerfumeTestTestscript execution is passed]]>
    </line>
  </reporter-output>
  <suite started-at="2024-01-19T11:06:38 IST" name="Default suite" finished-at="2024-01-19T11:06:43 IST" duration-ms="4436">
    <groups>
    </groups>
    <test started-at="2024-01-19T11:06:38 IST" name="Default test" finished-at="2024-01-19T11:06:43 IST" duration-ms="4436">
      <class name="Basiclistener.AjioTest">
        <test-method signature="PerfumeTest()[pri:0, instance:Basiclistener.AjioTest@351d00c0]" started-at="2024-01-19T11:06:38 IST" name="PerfumeTest" finished-at="2024-01-19T11:06:43 IST" duration-ms="4218" status="PASS">
          <reporter-output>
            <line>
              <![CDATA[PerfumeTestTestscript execution is passed]]>
            </line>
          </reporter-output>
        </test-method> <!-- PerfumeTest -->
      </class> <!-- Basiclistener.AjioTest -->
    </test> <!-- Default test -->
  </suite> <!-- Default suite -->
</testng-results>
